# JRE version: Java(TM) SE Runtime Environment (8.0_121-b13) (build 1.8.0_121-b13)
# Java VM: Java HotSpot(TM) 64-Bit Server VM (25.121-b13 mixed mode linux-amd64 compressed oops)
Heap:
 PSYoungGen      total 408576K, used 0K [0x00000000d5580000, 0x00000000f8180000, 0x0000000100000000)
  eden space 387072K, 0% used [0x00000000d5580000,0x00000000d5580000,0x00000000ecf80000)
  from space 21504K, 0% used [0x00000000f6c80000,0x00000000f6c80000,0x00000000f8180000)
  to   space 21504K, 0% used [0x00000000f5780000,0x00000000f5780000,0x00000000f6c80000)
 ParOldGen       total 777216K, used 583743K [0x0000000080000000, 0x00000000af700000, 0x00000000d5580000)
  object space 777216K, 75% used [0x0000000080000000,0x00000000a3a0fe08,0x00000000af700000)
 Metaspace       used 3143K, capacity 4664K, committed 4864K, reserved 1056768K
  class space    used 350K, capacity 424K, committed 512K, reserved 1048576K
GC Heap History (10 events):
Event: 2,960 GC heap after
Heap after GC invocations=1 (full 0):
 PSYoungGen      total 153088K, used 21480K [0x00000000d5580000, 0x00000000e8080000, 0x0000000100000000)
  eden space 131584K, 0% used [0x00000000d5580000,0x00000000d5580000,0x00000000dd600000)
  from space 21504K, 99% used [0x00000000dd600000,0x00000000deafa200,0x00000000deb00000)
  to   space 21504K, 0% used [0x00000000e6b80000,0x00000000e6b80000,0x00000000e8080000)
 ParOldGen       total 349696K, used 71938K [0x0000000080000000, 0x0000000095580000, 0x00000000d5580000)
  object space 349696K, 20% used [0x0000000080000000,0x0000000084640b00,0x0000000095580000)
 Metaspace       used 3143K, capacity 4664K, committed 4864K, reserved 1056768K
  class space    used 350K, capacity 424K, committed 512K, reserved 1048576K
}
Event: 3,813 GC heap before
{Heap before GC invocations=2 (full 0):
 PSYoungGen      total 153088K, used 153064K [0x00000000d5580000, 0x00000000e8080000, 0x0000000100000000)
  eden space 131584K, 100% used [0x00000000d5580000,0x00000000dd600000,0x00000000dd600000)
  from space 21504K, 99% used [0x00000000dd600000,0x00000000deafa200,0x00000000deb00000)
  to   space 21504K, 0% used [0x00000000e6b80000,0x00000000e6b80000,0x00000000e8080000)
 ParOldGen       total 349696K, used 71938K [0x0000000080000000, 0x0000000095580000, 0x00000000d5580000)
  object space 349696K, 20% used [0x0000000080000000,0x0000000084640b00,0x0000000095580000)
 Metaspace       used 3143K, capacity 4664K, committed 4864K, reserved 1056768K
  class space    used 350K, capacity 424K, committed 512K, reserved 1048576K
Event: 4,294 GC heap after
Heap after GC invocations=2 (full 0):
 PSYoungGen      total 284672K, used 21487K [0x00000000d5580000, 0x00000000e8080000, 0x0000000100000000)
  eden space 263168K, 0% used [0x00000000d5580000,0x00000000d5580000,0x00000000e5680000)
  from space 21504K, 99% used [0x00000000e6b80000,0x00000000e807bc40,0x00000000e8080000)
  to   space 21504K, 0% used [0x00000000e5680000,0x00000000e5680000,0x00000000e6b80000)
 ParOldGen       total 349696K, used 169722K [0x0000000080000000, 0x0000000095580000, 0x00000000d5580000)
  object space 349696K, 48% used [0x0000000080000000,0x000000008a5beb00,0x0000000095580000)
 Metaspace       used 3143K, capacity 4664K, committed 4864K, reserved 1056768K
  class space    used 350K, capacity 424K, committed 512K, reserved 1048576K
}
Event: 5,764 GC heap before
{Heap before GC invocations=3 (full 0):
 PSYoungGen      total 284672K, used 284655K [0x00000000d5580000, 0x00000000e8080000, 0x0000000100000000)
  eden space 263168K, 100% used [0x00000000d5580000,0x00000000e5680000,0x00000000e5680000)
  from space 21504K, 99% used [0x00000000e6b80000,0x00000000e807bc40,0x00000000e8080000)
  to   space 21504K, 0% used [0x00000000e5680000,0x00000000e5680000,0x00000000e6b80000)
 ParOldGen       total 349696K, used 169722K [0x0000000080000000, 0x0000000095580000, 0x00000000d5580000)
  object space 349696K, 48% used [0x0000000080000000,0x000000008a5beb00,0x0000000095580000)
 Metaspace       used 3143K, capacity 4664K, committed 4864K, reserved 1056768K
  class space    used 350K, capacity 424K, committed 512K, reserved 1048576K
Event: 6,644 GC heap after
Heap after GC invocations=3 (full 0):
 PSYoungGen      total 284672K, used 21473K [0x00000000d5580000, 0x00000000f8180000, 0x0000000100000000)
  eden space 263168K, 0% used [0x00000000d5580000,0x00000000d5580000,0x00000000e5680000)
  from space 21504K, 99% used [0x00000000e5680000,0x00000000e6b78770,0x00000000e6b80000)
  to   space 21504K, 0% used [0x00000000f6c80000,0x00000000f6c80000,0x00000000f8180000)
 ParOldGen       total 367616K, used 366930K [0x0000000080000000, 0x0000000096700000, 0x00000000d5580000)
  object space 367616K, 99% used [0x0000000080000000,0x0000000096654b00,0x0000000096700000)
 Metaspace       used 3143K, capacity 4664K, committed 4864K, reserved 1056768K
  class space    used 350K, capacity 424K, committed 512K, reserved 1048576K
}
Event: 6,645 GC heap before
{Heap before GC invocations=4 (full 1):
 PSYoungGen      total 284672K, used 21473K [0x00000000d5580000, 0x00000000f8180000, 0x0000000100000000)
  eden space 263168K, 0% used [0x00000000d5580000,0x00000000d5580000,0x00000000e5680000)
  from space 21504K, 99% used [0x00000000e5680000,0x00000000e6b78770,0x00000000e6b80000)
  to   space 21504K, 0% used [0x00000000f6c80000,0x00000000f6c80000,0x00000000f8180000)
 ParOldGen       total 367616K, used 366930K [0x0000000080000000, 0x0000000096700000, 0x00000000d5580000)
  object space 367616K, 99% used [0x0000000080000000,0x0000000096654b00,0x0000000096700000)
 Metaspace       used 3143K, capacity 4664K, committed 4864K, reserved 1056768K
  class space    used 350K, capacity 424K, committed 512K, reserved 1048576K
Event: 9,693 GC heap after
Heap after GC invocations=4 (full 1):
 PSYoungGen      total 284672K, used 19395K [0x00000000d5580000, 0x00000000f8180000, 0x0000000100000000)
  eden space 263168K, 0% used [0x00000000d5580000,0x00000000d5580000,0x00000000e5680000)
  from space 21504K, 90% used [0x00000000e5680000,0x00000000e6970fd0,0x00000000e6b80000)
  to   space 21504K, 0% used [0x00000000f6c80000,0x00000000f6c80000,0x00000000f8180000)
 ParOldGen       total 777216K, used 367159K [0x0000000080000000, 0x00000000af700000, 0x00000000d5580000)
  object space 777216K, 47% used [0x0000000080000000,0x000000009668dd58,0x00000000af700000)
 Metaspace       used 3143K, capacity 4664K, committed 4864K, reserved 1056768K
  class space    used 350K, capacity 424K, committed 512K, reserved 1048576K
}
Event: 10,886 GC heap before
{Heap before GC invocations=5 (full 1):
 PSYoungGen      total 284672K, used 282563K [0x00000000d5580000, 0x00000000f8180000, 0x0000000100000000)
  eden space 263168K, 100% used [0x00000000d5580000,0x00000000e5680000,0x00000000e5680000)
  from space 21504K, 90% used [0x00000000e5680000,0x00000000e6970fd0,0x00000000e6b80000)
  to   space 21504K, 0% used [0x00000000f6c80000,0x00000000f6c80000,0x00000000f8180000)
 ParOldGen       total 777216K, used 367159K [0x0000000080000000, 0x00000000af700000, 0x00000000d5580000)
  object space 777216K, 47% used [0x0000000080000000,0x000000009668dd58,0x00000000af700000)
 Metaspace       used 3143K, capacity 4664K, committed 4864K, reserved 1056768K
  class space    used 350K, capacity 424K, committed 512K, reserved 1048576K
Event: 12,241 GC heap after
Heap after GC invocations=5 (full 1):
 PSYoungGen      total 408576K, used 21474K [0x00000000d5580000, 0x00000000f8180000, 0x0000000100000000)
  eden space 387072K, 0% used [0x00000000d5580000,0x00000000d5580000,0x00000000ecf80000)
  from space 21504K, 99% used [0x00000000f6c80000,0x00000000f8178b20,0x00000000f8180000)
  to   space 21504K, 0% used [0x00000000f5780000,0x00000000f5780000,0x00000000f6c80000)
 ParOldGen       total 777216K, used 563231K [0x0000000080000000, 0x00000000af700000, 0x00000000d5580000)
  object space 777216K, 72% used [0x0000000080000000,0x00000000a2607d58,0x00000000af700000)
 Metaspace       used 3143K, capacity 4664K, committed 4864K, reserved 1056768K
  class space    used 350K, capacity 424K, committed 512K, reserved 1048576K
}
Event: 12,241 GC heap before
{Heap before GC invocations=6 (full 2):
 PSYoungGen      total 408576K, used 21474K [0x00000000d5580000, 0x00000000f8180000, 0x0000000100000000)
  eden space 387072K, 0% used [0x00000000d5580000,0x00000000d5580000,0x00000000ecf80000)
  from space 21504K, 99% used [0x00000000f6c80000,0x00000000f8178b20,0x00000000f8180000)
  to   space 21504K, 0% used [0x00000000f5780000,0x00000000f5780000,0x00000000f6c80000)
 ParOldGen       total 777216K, used 563231K [0x0000000080000000, 0x00000000af700000, 0x00000000d5580000)
  object space 777216K, 72% used [0x0000000080000000,0x00000000a2607d58,0x00000000af700000)
 Metaspace       used 3143K, capacity 4664K, committed 4864K, reserved 1056768K
  class space    used 350K, capacity 424K, committed 512K, reserved 1048576K

