# JRE version: Java(TM) SE Runtime Environment (8.0_121-b13) (build 1.8.0_121-b13)
# Java VM: Java HotSpot(TM) 64-Bit Server VM (25.121-b13 mixed mode linux-amd64 compressed oops)
Heap:
 PSYoungGen      total 50688K, used 2552K [0x00000000eb780000, 0x00000000efa80000, 0x0000000100000000)
  eden space 48128K, 0% used [0x00000000eb780000,0x00000000eb780000,0x00000000ee680000)
  from space 2560K, 99% used [0x00000000ef580000,0x00000000ef7fe1f0,0x00000000ef800000)
  to   space 2560K, 0% used [0x00000000ef800000,0x00000000ef800000,0x00000000efa80000)
 ParOldGen       total 138240K, used 104632K [0x00000000c2600000, 0x00000000cad00000, 0x00000000eb780000)
  object space 138240K, 75% used [0x00000000c2600000,0x00000000c8c2e2d0,0x00000000cad00000)
 Metaspace       used 3151K, capacity 4664K, committed 4864K, reserved 1056768K
  class space    used 350K, capacity 424K, committed 512K, reserved 1048576K
GC Heap History (10 events):
Event: 3,408 GC heap after
Heap after GC invocations=2 (full 0):
 PSYoungGen      total 34304K, used 2539K [0x00000000eb780000, 0x00000000edb80000, 0x0000000100000000)
  eden space 31744K, 0% used [0x00000000eb780000,0x00000000eb780000,0x00000000ed680000)
  from space 2560K, 99% used [0x00000000ed900000,0x00000000edb7adb8,0x00000000edb80000)
  to   space 2560K, 0% used [0x00000000ed680000,0x00000000ed680000,0x00000000ed900000)
 ParOldGen       total 42496K, used 19554K [0x00000000c2600000, 0x00000000c4f80000, 0x00000000eb780000)
  object space 42496K, 46% used [0x00000000c2600000,0x00000000c3918b00,0x00000000c4f80000)
 Metaspace       used 3144K, capacity 4664K, committed 4864K, reserved 1056768K
  class space    used 349K, capacity 424K, committed 512K, reserved 1048576K
}
Event: 4,225 GC heap before
{Heap before GC invocations=3 (full 0):
 PSYoungGen      total 34304K, used 34283K [0x00000000eb780000, 0x00000000edb80000, 0x0000000100000000)
  eden space 31744K, 100% used [0x00000000eb780000,0x00000000ed680000,0x00000000ed680000)
  from space 2560K, 99% used [0x00000000ed900000,0x00000000edb7adb8,0x00000000edb80000)
  to   space 2560K, 0% used [0x00000000ed680000,0x00000000ed680000,0x00000000ed900000)
 ParOldGen       total 42496K, used 19554K [0x00000000c2600000, 0x00000000c4f80000, 0x00000000eb780000)
  object space 42496K, 46% used [0x00000000c2600000,0x00000000c3918b00,0x00000000c4f80000)
 Metaspace       used 3151K, capacity 4664K, committed 4864K, reserved 1056768K
  class space    used 350K, capacity 424K, committed 512K, reserved 1048576K
Event: 4,928 GC heap after
Heap after GC invocations=3 (full 0):
 PSYoungGen      total 34304K, used 2553K [0x00000000eb780000, 0x00000000efa80000, 0x0000000100000000)
  eden space 31744K, 0% used [0x00000000eb780000,0x00000000eb780000,0x00000000ed680000)
  from space 2560K, 99% used [0x00000000ed680000,0x00000000ed8fe478,0x00000000ed900000)
  to   space 2560K, 0% used [0x00000000ef800000,0x00000000ef800000,0x00000000efa80000)
 ParOldGen       total 44544K, used 43970K [0x00000000c2600000, 0x00000000c5180000, 0x00000000eb780000)
  object space 44544K, 98% used [0x00000000c2600000,0x00000000c50f0b00,0x00000000c5180000)
 Metaspace       used 3151K, capacity 4664K, committed 4864K, reserved 1056768K
  class space    used 350K, capacity 424K, committed 512K, reserved 1048576K
}
Event: 4,937 GC heap before
{Heap before GC invocations=4 (full 1):
 PSYoungGen      total 34304K, used 2553K [0x00000000eb780000, 0x00000000efa80000, 0x0000000100000000)
  eden space 31744K, 0% used [0x00000000eb780000,0x00000000eb780000,0x00000000ed680000)
  from space 2560K, 99% used [0x00000000ed680000,0x00000000ed8fe478,0x00000000ed900000)
  to   space 2560K, 0% used [0x00000000ef800000,0x00000000ef800000,0x00000000efa80000)
 ParOldGen       total 44544K, used 43970K [0x00000000c2600000, 0x00000000c5180000, 0x00000000eb780000)
  object space 44544K, 98% used [0x00000000c2600000,0x00000000c50f0b00,0x00000000c5180000)
 Metaspace       used 3151K, capacity 4664K, committed 4864K, reserved 1056768K
  class space    used 350K, capacity 424K, committed 512K, reserved 1048576K
Event: 6,596 GC heap after
Heap after GC invocations=4 (full 1):
 PSYoungGen      total 34304K, used 2030K [0x00000000eb780000, 0x00000000efa80000, 0x0000000100000000)
  eden space 31744K, 0% used [0x00000000eb780000,0x00000000eb780000,0x00000000ed680000)
  from space 2560K, 79% used [0x00000000ed680000,0x00000000ed87b8a0,0x00000000ed900000)
  to   space 2560K, 0% used [0x00000000ef800000,0x00000000ef800000,0x00000000efa80000)
 ParOldGen       total 94208K, used 44163K [0x00000000c2600000, 0x00000000c8200000, 0x00000000eb780000)
  object space 94208K, 46% used [0x00000000c2600000,0x00000000c5120f40,0x00000000c8200000)
 Metaspace       used 3151K, capacity 4664K, committed 4864K, reserved 1056768K
  class space    used 350K, capacity 424K, committed 512K, reserved 1048576K
}
Event: 7,483 GC heap before
{Heap before GC invocations=5 (full 1):
 PSYoungGen      total 34304K, used 33774K [0x00000000eb780000, 0x00000000efa80000, 0x0000000100000000)
  eden space 31744K, 100% used [0x00000000eb780000,0x00000000ed680000,0x00000000ed680000)
  from space 2560K, 79% used [0x00000000ed680000,0x00000000ed87b8a0,0x00000000ed900000)
  to   space 2560K, 0% used [0x00000000ef800000,0x00000000ef800000,0x00000000efa80000)
 ParOldGen       total 94208K, used 44163K [0x00000000c2600000, 0x00000000c8200000, 0x00000000eb780000)
  object space 94208K, 46% used [0x00000000c2600000,0x00000000c5120f40,0x00000000c8200000)
 Metaspace       used 3151K, capacity 4664K, committed 4864K, reserved 1056768K
  class space    used 350K, capacity 424K, committed 512K, reserved 1048576K
Event: 7,954 GC heap after
Heap after GC invocations=5 (full 1):
 PSYoungGen      total 50688K, used 2549K [0x00000000eb780000, 0x00000000efa80000, 0x0000000100000000)
  eden space 48128K, 0% used [0x00000000eb780000,0x00000000eb780000,0x00000000ee680000)
  from space 2560K, 99% used [0x00000000ef800000,0x00000000efa7d6b8,0x00000000efa80000)
  to   space 2560K, 0% used [0x00000000ef580000,0x00000000ef580000,0x00000000ef800000)
 ParOldGen       total 94208K, used 67851K [0x00000000c2600000, 0x00000000c8200000, 0x00000000eb780000)
  object space 94208K, 72% used [0x00000000c2600000,0x00000000c6842f40,0x00000000c8200000)
 Metaspace       used 3151K, capacity 4664K, committed 4864K, reserved 1056768K
  class space    used 350K, capacity 424K, committed 512K, reserved 1048576K
}
Event: 7,954 GC heap before
{Heap before GC invocations=6 (full 2):
 PSYoungGen      total 50688K, used 2549K [0x00000000eb780000, 0x00000000efa80000, 0x0000000100000000)
  eden space 48128K, 0% used [0x00000000eb780000,0x00000000eb780000,0x00000000ee680000)
  from space 2560K, 99% used [0x00000000ef800000,0x00000000efa7d6b8,0x00000000efa80000)
  to   space 2560K, 0% used [0x00000000ef580000,0x00000000ef580000,0x00000000ef800000)
 ParOldGen       total 94208K, used 67851K [0x00000000c2600000, 0x00000000c8200000, 0x00000000eb780000)
  object space 94208K, 72% used [0x00000000c2600000,0x00000000c6842f40,0x00000000c8200000)
 Metaspace       used 3151K, capacity 4664K, committed 4864K, reserved 1056768K
  class space    used 350K, capacity 424K, committed 512K, reserved 1048576K
Event: 8,866 GC heap after
Heap after GC invocations=6 (full 2):
 PSYoungGen      total 50688K, used 0K [0x00000000eb780000, 0x00000000efa80000, 0x0000000100000000)
  eden space 48128K, 0% used [0x00000000eb780000,0x00000000eb780000,0x00000000ee680000)
  from space 2560K, 0% used [0x00000000ef800000,0x00000000ef800000,0x00000000efa80000)
  to   space 2560K, 0% used [0x00000000ef580000,0x00000000ef580000,0x00000000ef800000)
 ParOldGen       total 138240K, used 70272K [0x00000000c2600000, 0x00000000cad00000, 0x00000000eb780000)
  object space 138240K, 50% used [0x00000000c2600000,0x00000000c6aa02d0,0x00000000cad00000)
 Metaspace       used 3151K, capacity 4664K, committed 4864K, reserved 1056768K
  class space    used 350K, capacity 424K, committed 512K, reserved 1048576K
}
Event: 10,439 GC heap before
{Heap before GC invocations=7 (full 2):
 PSYoungGen      total 50688K, used 47993K [0x00000000eb780000, 0x00000000efa80000, 0x0000000100000000)
  eden space 48128K, 99% used [0x00000000eb780000,0x00000000ee65e560,0x00000000ee680000)
  from space 2560K, 0% used [0x00000000ef800000,0x00000000ef800000,0x00000000efa80000)
  to   space 2560K, 0% used [0x00000000ef580000,0x00000000ef580000,0x00000000ef800000)
 ParOldGen       total 138240K, used 70272K [0x00000000c2600000, 0x00000000cad00000, 0x00000000eb780000)
  object space 138240K, 50% used [0x00000000c2600000,0x00000000c6aa02d0,0x00000000cad00000)
 Metaspace       used 3151K, capacity 4664K, committed 4864K, reserved 1056768K
  class space    used 350K, capacity 424K, committed 512K, reserved 1048576K

