# JRE version: Java(TM) SE Runtime Environment (8.0_121-b13) (build 1.8.0_121-b13)
# Java VM: Java HotSpot(TM) 64-Bit Server VM (25.121-b13 mixed mode linux-amd64 compressed oops)
Heap:
 PSYoungGen      total 51200K, used 2560K [0x00000000eb780000, 0x00000000efa80000, 0x0000000100000000)
  eden space 48640K, 0% used [0x00000000eb780000,0x00000000eb780000,0x00000000ee700000)
  from space 2560K, 100% used [0x00000000ef580000,0x00000000ef800000,0x00000000ef800000)
  to   space 2560K, 0% used [0x00000000ef800000,0x00000000ef800000,0x00000000efa80000)
 ParOldGen       total 136192K, used 102124K [0x00000000c2600000, 0x00000000cab00000, 0x00000000eb780000)
  object space 136192K, 74% used [0x00000000c2600000,0x00000000c89bb078,0x00000000cab00000)
 Metaspace       used 3150K, capacity 4664K, committed 4864K, reserved 1056768K
  class space    used 350K, capacity 424K, committed 512K, reserved 1048576K
GC Heap History (10 events):
Event: 2,556 GC heap after
Heap after GC invocations=2 (full 0):
 PSYoungGen      total 34304K, used 2540K [0x00000000eb780000, 0x00000000edb80000, 0x0000000100000000)
  eden space 31744K, 0% used [0x00000000eb780000,0x00000000eb780000,0x00000000ed680000)
  from space 2560K, 99% used [0x00000000ed900000,0x00000000edb7b3e0,0x00000000edb80000)
  to   space 2560K, 0% used [0x00000000ed680000,0x00000000ed680000,0x00000000ed900000)
 ParOldGen       total 42496K, used 19045K [0x00000000c2600000, 0x00000000c4f80000, 0x00000000eb780000)
  object space 42496K, 44% used [0x00000000c2600000,0x00000000c38997b8,0x00000000c4f80000)
 Metaspace       used 3143K, capacity 4664K, committed 4864K, reserved 1056768K
  class space    used 349K, capacity 424K, committed 512K, reserved 1048576K
}
Event: 3,266 GC heap before
{Heap before GC invocations=3 (full 0):
 PSYoungGen      total 34304K, used 34284K [0x00000000eb780000, 0x00000000edb80000, 0x0000000100000000)
  eden space 31744K, 100% used [0x00000000eb780000,0x00000000ed680000,0x00000000ed680000)
  from space 2560K, 99% used [0x00000000ed900000,0x00000000edb7b3e0,0x00000000edb80000)
  to   space 2560K, 0% used [0x00000000ed680000,0x00000000ed680000,0x00000000ed900000)
 ParOldGen       total 42496K, used 19045K [0x00000000c2600000, 0x00000000c4f80000, 0x00000000eb780000)
  object space 42496K, 44% used [0x00000000c2600000,0x00000000c38997b8,0x00000000c4f80000)
 Metaspace       used 3149K, capacity 4664K, committed 4864K, reserved 1056768K
  class space    used 349K, capacity 424K, committed 512K, reserved 1048576K
Event: 3,525 GC heap after
Heap after GC invocations=3 (full 0):
 PSYoungGen      total 34304K, used 2553K [0x00000000eb780000, 0x00000000efa80000, 0x0000000100000000)
  eden space 31744K, 0% used [0x00000000eb780000,0x00000000eb780000,0x00000000ed680000)
  from space 2560K, 99% used [0x00000000ed680000,0x00000000ed8fe478,0x00000000ed900000)
  to   space 2560K, 0% used [0x00000000ef800000,0x00000000ef800000,0x00000000efa80000)
 ParOldGen       total 42496K, used 42125K [0x00000000c2600000, 0x00000000c4f80000, 0x00000000eb780000)
  object space 42496K, 99% used [0x00000000c2600000,0x00000000c4f237b8,0x00000000c4f80000)
 Metaspace       used 3149K, capacity 4664K, committed 4864K, reserved 1056768K
  class space    used 349K, capacity 424K, committed 512K, reserved 1048576K
}
Event: 3,525 GC heap before
{Heap before GC invocations=4 (full 1):
 PSYoungGen      total 34304K, used 2553K [0x00000000eb780000, 0x00000000efa80000, 0x0000000100000000)
  eden space 31744K, 0% used [0x00000000eb780000,0x00000000eb780000,0x00000000ed680000)
  from space 2560K, 99% used [0x00000000ed680000,0x00000000ed8fe478,0x00000000ed900000)
  to   space 2560K, 0% used [0x00000000ef800000,0x00000000ef800000,0x00000000efa80000)
 ParOldGen       total 42496K, used 42125K [0x00000000c2600000, 0x00000000c4f80000, 0x00000000eb780000)
  object space 42496K, 99% used [0x00000000c2600000,0x00000000c4f237b8,0x00000000c4f80000)
 Metaspace       used 3149K, capacity 4664K, committed 4864K, reserved 1056768K
  class space    used 349K, capacity 424K, committed 512K, reserved 1048576K
Event: 4,481 GC heap after
Heap after GC invocations=4 (full 1):
 PSYoungGen      total 34304K, used 2038K [0x00000000eb780000, 0x00000000efa80000, 0x0000000100000000)
  eden space 31744K, 0% used [0x00000000eb780000,0x00000000eb780000,0x00000000ed680000)
  from space 2560K, 79% used [0x00000000ed680000,0x00000000ed87da70,0x00000000ed900000)
  to   space 2560K, 0% used [0x00000000ef800000,0x00000000ef800000,0x00000000efa80000)
 ParOldGen       total 91136K, used 42321K [0x00000000c2600000, 0x00000000c7f00000, 0x00000000eb780000)
  object space 91136K, 46% used [0x00000000c2600000,0x00000000c4f54680,0x00000000c7f00000)
 Metaspace       used 3149K, capacity 4664K, committed 4864K, reserved 1056768K
  class space    used 349K, capacity 424K, committed 512K, reserved 1048576K
}
Event: 4,841 GC heap before
{Heap before GC invocations=5 (full 1):
 PSYoungGen      total 34304K, used 33782K [0x00000000eb780000, 0x00000000efa80000, 0x0000000100000000)
  eden space 31744K, 100% used [0x00000000eb780000,0x00000000ed680000,0x00000000ed680000)
  from space 2560K, 79% used [0x00000000ed680000,0x00000000ed87da70,0x00000000ed900000)
  to   space 2560K, 0% used [0x00000000ef800000,0x00000000ef800000,0x00000000efa80000)
 ParOldGen       total 91136K, used 42321K [0x00000000c2600000, 0x00000000c7f00000, 0x00000000eb780000)
  object space 91136K, 46% used [0x00000000c2600000,0x00000000c4f54680,0x00000000c7f00000)
 Metaspace       used 3150K, capacity 4664K, committed 4864K, reserved 1056768K
  class space    used 350K, capacity 424K, committed 512K, reserved 1048576K
Event: 5,257 GC heap after
Heap after GC invocations=5 (full 1):
 PSYoungGen      total 51200K, used 2533K [0x00000000eb780000, 0x00000000efa80000, 0x0000000100000000)
  eden space 48640K, 0% used [0x00000000eb780000,0x00000000eb780000,0x00000000ee700000)
  from space 2560K, 98% used [0x00000000ef800000,0x00000000efa796a8,0x00000000efa80000)
  to   space 2560K, 0% used [0x00000000ef580000,0x00000000ef580000,0x00000000ef800000)
 ParOldGen       total 91136K, used 65433K [0x00000000c2600000, 0x00000000c7f00000, 0x00000000eb780000)
  object space 91136K, 71% used [0x00000000c2600000,0x00000000c65e6680,0x00000000c7f00000)
 Metaspace       used 3150K, capacity 4664K, committed 4864K, reserved 1056768K
  class space    used 350K, capacity 424K, committed 512K, reserved 1048576K
}
Event: 5,257 GC heap before
{Heap before GC invocations=6 (full 2):
 PSYoungGen      total 51200K, used 2533K [0x00000000eb780000, 0x00000000efa80000, 0x0000000100000000)
  eden space 48640K, 0% used [0x00000000eb780000,0x00000000eb780000,0x00000000ee700000)
  from space 2560K, 98% used [0x00000000ef800000,0x00000000efa796a8,0x00000000efa80000)
  to   space 2560K, 0% used [0x00000000ef580000,0x00000000ef580000,0x00000000ef800000)
 ParOldGen       total 91136K, used 65433K [0x00000000c2600000, 0x00000000c7f00000, 0x00000000eb780000)
  object space 91136K, 71% used [0x00000000c2600000,0x00000000c65e6680,0x00000000c7f00000)
 Metaspace       used 3150K, capacity 4664K, committed 4864K, reserved 1056768K
  class space    used 350K, capacity 424K, committed 512K, reserved 1048576K
Event: 6,334 GC heap after
Heap after GC invocations=6 (full 2):
 PSYoungGen      total 51200K, used 0K [0x00000000eb780000, 0x00000000efa80000, 0x0000000100000000)
  eden space 48640K, 0% used [0x00000000eb780000,0x00000000eb780000,0x00000000ee700000)
  from space 2560K, 0% used [0x00000000ef800000,0x00000000ef800000,0x00000000efa80000)
  to   space 2560K, 0% used [0x00000000ef580000,0x00000000ef580000,0x00000000ef800000)
 ParOldGen       total 136192K, used 67843K [0x00000000c2600000, 0x00000000cab00000, 0x00000000eb780000)
  object space 136192K, 49% used [0x00000000c2600000,0x00000000c6840e88,0x00000000cab00000)
 Metaspace       used 3150K, capacity 4664K, committed 4864K, reserved 1056768K
  class space    used 350K, capacity 424K, committed 512K, reserved 1048576K
}
Event: 6,866 GC heap before
{Heap before GC invocations=7 (full 2):
 PSYoungGen      total 51200K, used 48640K [0x00000000eb780000, 0x00000000efa80000, 0x0000000100000000)
  eden space 48640K, 100% used [0x00000000eb780000,0x00000000ee700000,0x00000000ee700000)
  from space 2560K, 0% used [0x00000000ef800000,0x00000000ef800000,0x00000000efa80000)
  to   space 2560K, 0% used [0x00000000ef580000,0x00000000ef580000,0x00000000ef800000)
 ParOldGen       total 136192K, used 67843K [0x00000000c2600000, 0x00000000cab00000, 0x00000000eb780000)
  object space 136192K, 49% used [0x00000000c2600000,0x00000000c6840e88,0x00000000cab00000)
 Metaspace       used 3150K, capacity 4664K, committed 4864K, reserved 1056768K
  class space    used 350K, capacity 424K, committed 512K, reserved 1048576K

